<?xml version="1.0" encoding="UTF-8"?>
<testsuite name="com.nexusblock.engine.RuleEngineTest" tests="7" skipped="0" failures="0" errors="0" timestamp="2026-05-20T17:30:45.777Z" hostname="PRAB" time="0.164">
  <properties/>
  <testcase name="exactAllowDoesNotAllowSiblingSubdomains" classname="com.nexusblock.engine.RuleEngineTest" time="0.13"/>
  <testcase name="plainDomainBlocksSubdomains" classname="com.nexusblock.engine.RuleEngineTest" time="0.004"/>
  <testcase name="googlevideoAdPatternBypassesBloomFastFail" classname="com.nexusblock.engine.RuleEngineTest" time="0.005"/>
  <testcase name="subdomainAllowStillAllowsChildrenWhenExplicitlyRequested" classname="com.nexusblock.engine.RuleEngineTest" time="0.001"/>
  <testcase name="youtubeRecommendationAllowlistDoesNotUnblockAdSubdomains" classname="com.nexusblock.engine.RuleEngineTest" time="0.001"/>
  <testcase name="hostParserNormalizesSinkholeEntries" classname="com.nexusblock.engine.RuleEngineTest" time="0.007"/>
  <testcase name="adguardParserPreservesExceptionRules" classname="com.nexusblock.engine.RuleEngineTest" time="0.011"/>
  <system-out><![CDATA[]]></system-out>
  <system-err><![CDATA[]]></system-err>
</testsuite>
